<?xml version="1.0" encoding="UTF-8"?>
<!-- Generated by org.testng.reporters.JUnitXMLReporter -->
<testsuite ignored="0" hostname="DESKTOP-6DEA9QC" failures="0" tests="18" name="Default test" time="18.924" errors="0" timestamp="2022-07-02T08:56:45 IST">
  <testcase classname="com.bridgelabz.spotify.SpotifyAPI" name="Get_Current_Users_Profile" time="8.629"/>
  <testcase classname="com.bridgelabz.spotify.SpotifyAPI" name="Get_Users_Profile" time="0.275"/>
  <testcase classname="com.bridgelabz.spotify.SpotifyAPI" name="Create_Playlist" time="0.528"/>
  <testcase classname="com.bridgelabz.spotify.SpotifyAPI" name="Add_Items_to_Playlist" time="0.54"/>
  <testcase classname="com.bridgelabz.spotify.SpotifyAPI" name="Update_Playlist_Items" time="0.316"/>
  <testcase classname="com.bridgelabz.spotify.SpotifyAPI" name="Change_Playlist_Details" time="0.411"/>
  <testcase classname="com.bridgelabz.spotify.SpotifyAPI" name="Get_Current_User_Playlists" time="0.282"/>
  <testcase classname="com.bridgelabz.spotify.SpotifyAPI" name="Get_User_Playlists" time="0.293"/>
  <testcase classname="com.bridgelabz.spotify.SpotifyAPI" name="Get_Playlist_Cover_Image" time="0.286"/>
  <testcase classname="com.bridgelabz.spotify.SpotifyAPI" name="Get_Playlist_Items" time="0.832"/>
  <testcase classname="com.bridgelabz.spotify.SpotifyAPI" name="Get_Playlist" time="1.449"/>
  <testcase classname="com.bridgelabz.spotify.SpotifyAPI" name="Remove_Playlist_Items" time="0.321"/>
  <testcase classname="com.bridgelabz.spotify.SpotifyAPI" name="Search_for_Item" time="0.507"/>
  <testcase classname="com.bridgelabz.spotify.SpotifyAPI" name="Get_Track_Audio_Analysis" time="3.009"/>
  <testcase classname="com.bridgelabz.spotify.SpotifyAPI" name="Get_Tracks_Audio_Features" time="0.192"/>
  <testcase classname="com.bridgelabz.spotify.SpotifyAPI" name="Get_Track_Audio_Features" time="0.224"/>
  <testcase classname="com.bridgelabz.spotify.SpotifyAPI" name="Get_Several_Tracks" time="0.228"/>
  <testcase classname="com.bridgelabz.spotify.SpotifyAPI" name="Get_Track" time="0.252"/>
</testsuite> <!-- Default test -->
